<?xml version="1.0" encoding="UTF-8"?>
<testng-results ignored="0" total="2" passed="1" failed="0" skipped="1">
  <reporter-output>
  </reporter-output>
  <suite started-at="2021-10-15T02:26:08 IST" name="Parallel test suite" finished-at="2021-10-15T02:27:07 IST" duration-ms="58987">
    <groups>
    </groups>
    <test started-at="2021-10-15T02:26:08 IST" name="Firefox Test" finished-at="2021-10-15T02:26:11 IST" duration-ms="2410">
      <class name="com.jenkin.SwagLabs">
        <test-method is-config="true" signature="openBrowser(java.lang.String)[pri:0, instance:com.jenkin.SwagLabs@7e83992]" started-at="2021-10-15T02:26:08 IST" name="openBrowser" finished-at="2021-10-15T02:26:11 IST" duration-ms="2376" status="FAIL">
          <params>
            <param index="0">
              <value>
                <![CDATA[Firefox]]>
              </value>
            </param>
          </params>
          <exception class="java.lang.NoClassDefFoundError">
            <message>
              <![CDATA[java/sql/Time]]>
            </message>
            <full-stacktrace>
              <![CDATA[java.lang.NoClassDefFoundError: java/sql/Time
at com.google.gson.Gson.<init>(Gson.java:265)
at com.google.gson.GsonBuilder.create(GsonBuilder.java:597)
at io.github.bonigarcia.wdm.WebDriverManager.getDriversFromGitHub(WebDriverManager.java:1333)
at io.github.bonigarcia.wdm.managers.FirefoxDriverManager.getDriverUrls(FirefoxDriverManager.java:95)
at io.github.bonigarcia.wdm.WebDriverManager.createUrlHandler(WebDriverManager.java:1161)
at io.github.bonigarcia.wdm.WebDriverManager.download(WebDriverManager.java:1009)
at io.github.bonigarcia.wdm.WebDriverManager.manage(WebDriverManager.java:927)
at io.github.bonigarcia.wdm.WebDriverManager.setup(WebDriverManager.java:337)
at com.jenkin.SwagLabs.openBrowser(SwagLabs.java:33)
at java.base/jdk.internal.reflect.NativeMethodAccessorImpl.invoke0(Native Method)
at java.base/jdk.internal.reflect.NativeMethodAccessorImpl.invoke(NativeMethodAccessorImpl.java:78)
at java.base/jdk.internal.reflect.DelegatingMethodAccessorImpl.invoke(DelegatingMethodAccessorImpl.java:43)
at java.base/java.lang.reflect.Method.invoke(Method.java:567)
at org.testng.internal.MethodInvocationHelper.invokeMethod(MethodInvocationHelper.java:133)
at org.testng.internal.MethodInvocationHelper.invokeMethodConsideringTimeout(MethodInvocationHelper.java:62)
at org.testng.internal.ConfigInvoker.invokeConfigurationMethod(ConfigInvoker.java:385)
at org.testng.internal.ConfigInvoker.invokeConfigurations(ConfigInvoker.java:321)
at org.testng.TestRunner.invokeTestConfigurations(TestRunner.java:637)
at org.testng.TestRunner.beforeRun(TestRunner.java:627)
at org.testng.TestRunner.run(TestRunner.java:589)
at org.testng.SuiteRunner.runTest(SuiteRunner.java:377)
at org.testng.SuiteRunner.access$000(SuiteRunner.java:28)
at org.testng.SuiteRunner$SuiteWorker.run(SuiteRunner.java:418)
at org.testng.internal.thread.ThreadUtil.lambda$execute$0(ThreadUtil.java:64)
at java.base/java.util.concurrent.FutureTask.run(FutureTask.java:264)
at java.base/java.util.concurrent.ThreadPoolExecutor.runWorker(ThreadPoolExecutor.java:1130)
at java.base/java.util.concurrent.ThreadPoolExecutor$Worker.run(ThreadPoolExecutor.java:630)
at java.base/java.lang.Thread.run(Thread.java:831)
Caused by: java.lang.ClassNotFoundException: java.sql.Time
at java.base/java.net.URLClassLoader.findClass(URLClassLoader.java:433)
at java.base/java.lang.ClassLoader.loadClass(ClassLoader.java:586)
at java.base/java.lang.ClassLoader.loadClass(ClassLoader.java:519)
at org.apache.maven.surefire.booter.IsolatedClassLoader.loadClass(IsolatedClassLoader.java:97)
... 28 more
]]>
            </full-stacktrace>
          </exception> <!-- java.lang.NoClassDefFoundError -->
          <reporter-output>
          </reporter-output>
        </test-method> <!-- openBrowser -->
        <test-method signature="logintest()[pri:0, instance:com.jenkin.SwagLabs@7e83992]" started-at="2021-10-15T02:26:11 IST" name="logintest" finished-at="2021-10-15T02:26:11 IST" duration-ms="0" status="SKIP">
          <exception class="java.lang.NoClassDefFoundError">
            <message>
              <![CDATA[java/sql/Time]]>
            </message>
            <full-stacktrace>
              <![CDATA[java.lang.NoClassDefFoundError: java/sql/Time
at com.google.gson.Gson.<init>(Gson.java:265)
at com.google.gson.GsonBuilder.create(GsonBuilder.java:597)
at io.github.bonigarcia.wdm.WebDriverManager.getDriversFromGitHub(WebDriverManager.java:1333)
at io.github.bonigarcia.wdm.managers.FirefoxDriverManager.getDriverUrls(FirefoxDriverManager.java:95)
at io.github.bonigarcia.wdm.WebDriverManager.createUrlHandler(WebDriverManager.java:1161)
at io.github.bonigarcia.wdm.WebDriverManager.download(WebDriverManager.java:1009)
at io.github.bonigarcia.wdm.WebDriverManager.manage(WebDriverManager.java:927)
at io.github.bonigarcia.wdm.WebDriverManager.setup(WebDriverManager.java:337)
at com.jenkin.SwagLabs.openBrowser(SwagLabs.java:33)
at java.base/jdk.internal.reflect.NativeMethodAccessorImpl.invoke0(Native Method)
at java.base/jdk.internal.reflect.NativeMethodAccessorImpl.invoke(NativeMethodAccessorImpl.java:78)
at java.base/jdk.internal.reflect.DelegatingMethodAccessorImpl.invoke(DelegatingMethodAccessorImpl.java:43)
at java.base/java.lang.reflect.Method.invoke(Method.java:567)
at org.testng.internal.MethodInvocationHelper.invokeMethod(MethodInvocationHelper.java:133)
at org.testng.internal.MethodInvocationHelper.invokeMethodConsideringTimeout(MethodInvocationHelper.java:62)
at org.testng.internal.ConfigInvoker.invokeConfigurationMethod(ConfigInvoker.java:385)
at org.testng.internal.ConfigInvoker.invokeConfigurations(ConfigInvoker.java:321)
at org.testng.TestRunner.invokeTestConfigurations(TestRunner.java:637)
at org.testng.TestRunner.beforeRun(TestRunner.java:627)
at org.testng.TestRunner.run(TestRunner.java:589)
at org.testng.SuiteRunner.runTest(SuiteRunner.java:377)
at org.testng.SuiteRunner.access$000(SuiteRunner.java:28)
at org.testng.SuiteRunner$SuiteWorker.run(SuiteRunner.java:418)
at org.testng.internal.thread.ThreadUtil.lambda$execute$0(ThreadUtil.java:64)
at java.base/java.util.concurrent.FutureTask.run(FutureTask.java:264)
at java.base/java.util.concurrent.ThreadPoolExecutor.runWorker(ThreadPoolExecutor.java:1130)
at java.base/java.util.concurrent.ThreadPoolExecutor$Worker.run(ThreadPoolExecutor.java:630)
at java.base/java.lang.Thread.run(Thread.java:831)
Caused by: java.lang.ClassNotFoundException: java.sql.Time
at java.base/java.net.URLClassLoader.findClass(URLClassLoader.java:433)
at java.base/java.lang.ClassLoader.loadClass(ClassLoader.java:586)
at java.base/java.lang.ClassLoader.loadClass(ClassLoader.java:519)
at org.apache.maven.surefire.booter.IsolatedClassLoader.loadClass(IsolatedClassLoader.java:97)
... 28 more
]]>
            </full-stacktrace>
          </exception> <!-- java.lang.NoClassDefFoundError -->
          <reporter-output>
          </reporter-output>
        </test-method> <!-- logintest -->
        <test-method is-config="true" signature="closeBrowser()[pri:0, instance:com.jenkin.SwagLabs@7e83992]" started-at="2021-10-15T02:26:11 IST" name="closeBrowser" finished-at="1970-01-01T05:30:00 IST" duration-ms="-1634244971357" status="SKIP">
          <reporter-output>
          </reporter-output>
        </test-method> <!-- closeBrowser -->
      </class> <!-- com.jenkin.SwagLabs -->
    </test> <!-- Firefox Test -->
    <test started-at="2021-10-15T02:26:08 IST" name="Chrome Test" finished-at="2021-10-15T02:27:07 IST" duration-ms="58987">
      <class name="com.jenkin.SwagLabs">
        <test-method is-config="true" signature="openBrowser(java.lang.String)[pri:0, instance:com.jenkin.SwagLabs@5b5dce5c]" started-at="2021-10-15T02:26:08 IST" name="openBrowser" finished-at="2021-10-15T02:26:14 IST" duration-ms="5344" status="PASS">
          <params>
            <param index="0">
              <value>
                <![CDATA[chrome]]>
              </value>
            </param>
          </params>
          <reporter-output>
          </reporter-output>
        </test-method> <!-- openBrowser -->
        <test-method signature="logintest()[pri:0, instance:com.jenkin.SwagLabs@5b5dce5c]" started-at="2021-10-15T02:26:14 IST" name="logintest" finished-at="2021-10-15T02:27:07 IST" duration-ms="52912" status="PASS">
          <reporter-output>
          </reporter-output>
        </test-method> <!-- logintest -->
        <test-method is-config="true" signature="closeBrowser()[pri:0, instance:com.jenkin.SwagLabs@5b5dce5c]" started-at="2021-10-15T02:27:07 IST" name="closeBrowser" finished-at="2021-10-15T02:27:07 IST" duration-ms="722" status="PASS">
          <reporter-output>
          </reporter-output>
        </test-method> <!-- closeBrowser -->
      </class> <!-- com.jenkin.SwagLabs -->
    </test> <!-- Chrome Test -->
  </suite> <!-- Parallel test suite -->
</testng-results>
